<?xml version="1.0" encoding="UTF-8"?>
<testsuite xmlns:xsi="http://www.w3.org/2001/XMLSchema-instance" xsi:noNamespaceSchemaLocation="https://maven.apache.org/surefire/maven-surefire-plugin/xsd/surefire-test-report.xsd" name="com.xhjc.spingbootdemo.SpingbootDemoApplicationTests" time="5.964" tests="3" errors="0" skipped="0" failures="0">
  <properties>
    <property name="sun.desktop" value="windows"/>
    <property name="awt.toolkit" value="sun.awt.windows.WToolkit"/>
    <property name="file.encoding.pkg" value="sun.io"/>
    <property name="java.specification.version" value="1.8"/>
    <property name="sun.cpu.isalist" value="amd64"/>
    <property name="sun.jnu.encoding" value="GBK"/>
    <property name="java.class.path" value="D:\workspaces\git_resources\CaseCode\spingboot-demo\target\test-classes;D:\workspaces\git_resources\CaseCode\spingboot-demo\target\classes;D:\.m2\repositoryMine\org\springframework\boot\spring-boot-starter-web\2.1.6.RELEASE\spring-boot-starter-web-2.1.6.RELEASE.jar;D:\.m2\repositoryMine\org\springframework\boot\spring-boot-starter\2.1.6.RELEASE\spring-boot-starter-2.1.6.RELEASE.jar;D:\.m2\repositoryMine\org\springframework\boot\spring-boot-starter-logging\2.1.6.RELEASE\spring-boot-starter-logging-2.1.6.RELEASE.jar;D:\.m2\repositoryMine\ch\qos\logback\logback-classic\1.2.3\logback-classic-1.2.3.jar;D:\.m2\repositoryMine\ch\qos\logback\logback-core\1.2.3\logback-core-1.2.3.jar;D:\.m2\repositoryMine\org\apache\logging\log4j\log4j-to-slf4j\2.11.2\log4j-to-slf4j-2.11.2.jar;D:\.m2\repositoryMine\org\apache\logging\log4j\log4j-api\2.11.2\log4j-api-2.11.2.jar;D:\.m2\repositoryMine\org\slf4j\jul-to-slf4j\1.7.26\jul-to-slf4j-1.7.26.jar;D:\.m2\repositoryMine\javax\annotation\javax.annotation-api\1.3.2\javax.annotation-api-1.3.2.jar;D:\.m2\repositoryMine\org\yaml\snakeyaml\1.23\snakeyaml-1.23.jar;D:\.m2\repositoryMine\org\springframework\boot\spring-boot-starter-json\2.1.6.RELEASE\spring-boot-starter-json-2.1.6.RELEASE.jar;D:\.m2\repositoryMine\com\fasterxml\jackson\core\jackson-databind\2.9.9\jackson-databind-2.9.9.jar;D:\.m2\repositoryMine\com\fasterxml\jackson\core\jackson-annotations\2.9.0\jackson-annotations-2.9.0.jar;D:\.m2\repositoryMine\com\fasterxml\jackson\core\jackson-core\2.9.9\jackson-core-2.9.9.jar;D:\.m2\repositoryMine\com\fasterxml\jackson\datatype\jackson-datatype-jdk8\2.9.9\jackson-datatype-jdk8-2.9.9.jar;D:\.m2\repositoryMine\com\fasterxml\jackson\datatype\jackson-datatype-jsr310\2.9.9\jackson-datatype-jsr310-2.9.9.jar;D:\.m2\repositoryMine\com\fasterxml\jackson\module\jackson-module-parameter-names\2.9.9\jackson-module-parameter-names-2.9.9.jar;D:\.m2\repositoryMine\org\springframework\boot\spring-boot-starter-tomcat\2.1.6.RELEASE\spring-boot-starter-tomcat-2.1.6.RELEASE.jar;D:\.m2\repositoryMine\org\apache\tomcat\embed\tomcat-embed-core\9.0.21\tomcat-embed-core-9.0.21.jar;D:\.m2\repositoryMine\org\apache\tomcat\embed\tomcat-embed-el\9.0.21\tomcat-embed-el-9.0.21.jar;D:\.m2\repositoryMine\org\apache\tomcat\embed\tomcat-embed-websocket\9.0.21\tomcat-embed-websocket-9.0.21.jar;D:\.m2\repositoryMine\org\hibernate\validator\hibernate-validator\6.0.17.Final\hibernate-validator-6.0.17.Final.jar;D:\.m2\repositoryMine\javax\validation\validation-api\2.0.1.Final\validation-api-2.0.1.Final.jar;D:\.m2\repositoryMine\org\jboss\logging\jboss-logging\3.3.2.Final\jboss-logging-3.3.2.Final.jar;D:\.m2\repositoryMine\com\fasterxml\classmate\1.4.0\classmate-1.4.0.jar;D:\.m2\repositoryMine\org\springframework\spring-web\5.1.8.RELEASE\spring-web-5.1.8.RELEASE.jar;D:\.m2\repositoryMine\org\springframework\spring-beans\5.1.8.RELEASE\spring-beans-5.1.8.RELEASE.jar;D:\.m2\repositoryMine\org\springframework\spring-webmvc\5.1.8.RELEASE\spring-webmvc-5.1.8.RELEASE.jar;D:\.m2\repositoryMine\org\springframework\spring-aop\5.1.8.RELEASE\spring-aop-5.1.8.RELEASE.jar;D:\.m2\repositoryMine\org\springframework\spring-context\5.1.8.RELEASE\spring-context-5.1.8.RELEASE.jar;D:\.m2\repositoryMine\org\springframework\spring-expression\5.1.8.RELEASE\spring-expression-5.1.8.RELEASE.jar;D:\.m2\repositoryMine\org\springframework\boot\spring-boot-starter-test\2.1.6.RELEASE\spring-boot-starter-test-2.1.6.RELEASE.jar;D:\.m2\repositoryMine\org\springframework\boot\spring-boot-test\2.1.6.RELEASE\spring-boot-test-2.1.6.RELEASE.jar;D:\.m2\repositoryMine\org\springframework\boot\spring-boot-test-autoconfigure\2.1.6.RELEASE\spring-boot-test-autoconfigure-2.1.6.RELEASE.jar;D:\.m2\repositoryMine\com\jayway\jsonpath\json-path\2.4.0\json-path-2.4.0.jar;D:\.m2\repositoryMine\net\minidev\json-smart\2.3\json-smart-2.3.jar;D:\.m2\repositoryMine\net\minidev\accessors-smart\1.2\accessors-smart-1.2.jar;D:\.m2\repositoryMine\org\ow2\asm\asm\5.0.4\asm-5.0.4.jar;D:\.m2\repositoryMine\org\slf4j\slf4j-api\1.7.26\slf4j-api-1.7.26.jar;D:\.m2\repositoryMine\junit\junit\4.12\junit-4.12.jar;D:\.m2\repositoryMine\org\assertj\assertj-core\3.11.1\assertj-core-3.11.1.jar;D:\.m2\repositoryMine\org\mockito\mockito-core\2.23.4\mockito-core-2.23.4.jar;D:\.m2\repositoryMine\net\bytebuddy\byte-buddy\1.9.13\byte-buddy-1.9.13.jar;D:\.m2\repositoryMine\net\bytebuddy\byte-buddy-agent\1.9.13\byte-buddy-agent-1.9.13.jar;D:\.m2\repositoryMine\org\objenesis\objenesis\2.6\objenesis-2.6.jar;D:\.m2\repositoryMine\org\hamcrest\hamcrest-core\1.3\hamcrest-core-1.3.jar;D:\.m2\repositoryMine\org\hamcrest\hamcrest-library\1.3\hamcrest-library-1.3.jar;D:\.m2\repositoryMine\org\skyscreamer\jsonassert\1.5.0\jsonassert-1.5.0.jar;D:\.m2\repositoryMine\com\vaadin\external\google\android-json\0.0.20131108.vaadin1\android-json-0.0.20131108.vaadin1.jar;D:\.m2\repositoryMine\org\springframework\spring-core\5.1.8.RELEASE\spring-core-5.1.8.RELEASE.jar;D:\.m2\repositoryMine\org\springframework\spring-jcl\5.1.8.RELEASE\spring-jcl-5.1.8.RELEASE.jar;D:\.m2\repositoryMine\org\springframework\spring-test\5.1.8.RELEASE\spring-test-5.1.8.RELEASE.jar;D:\.m2\repositoryMine\org\xmlunit\xmlunit-core\2.6.2\xmlunit-core-2.6.2.jar;D:\.m2\repositoryMine\org\springframework\boot\spring-boot-configuration-processor\2.1.6.RELEASE\spring-boot-configuration-processor-2.1.6.RELEASE.jar;D:\.m2\repositoryMine\org\webjars\jquery\3.3.1-1\jquery-3.3.1-1.jar;D:\.m2\repositoryMine\org\springframework\boot\spring-boot-starter-thymeleaf\2.1.6.RELEASE\spring-boot-starter-thymeleaf-2.1.6.RELEASE.jar;D:\.m2\repositoryMine\org\thymeleaf\thymeleaf-spring5\3.0.11.RELEASE\thymeleaf-spring5-3.0.11.RELEASE.jar;D:\.m2\repositoryMine\org\thymeleaf\thymeleaf\3.0.11.RELEASE\thymeleaf-3.0.11.RELEASE.jar;D:\.m2\repositoryMine\org\attoparser\attoparser\2.0.5.RELEASE\attoparser-2.0.5.RELEASE.jar;D:\.m2\repositoryMine\org\unbescape\unbescape\1.1.6.RELEASE\unbescape-1.1.6.RELEASE.jar;D:\.m2\repositoryMine\org\thymeleaf\extras\thymeleaf-extras-java8time\3.0.4.RELEASE\thymeleaf-extras-java8time-3.0.4.RELEASE.jar;D:\.m2\repositoryMine\org\springframework\boot\spring-boot-devtools\2.1.6.RELEASE\spring-boot-devtools-2.1.6.RELEASE.jar;D:\.m2\repositoryMine\org\springframework\boot\spring-boot\2.1.6.RELEASE\spring-boot-2.1.6.RELEASE.jar;D:\.m2\repositoryMine\org\springframework\boot\spring-boot-autoconfigure\2.1.6.RELEASE\spring-boot-autoconfigure-2.1.6.RELEASE.jar;D:\.m2\repositoryMine\com\xhjc\starter\xhjc-spring-boot-starter\1.0-SNAPSHOT\xhjc-spring-boot-starter-1.0-SNAPSHOT.jar;D:\.m2\repositoryMine\com\xhjc\starter\xhjc-spring-boot-starter-autoconfigurer\0.0.1-SNAPSHOT\xhjc-spring-boot-starter-autoconfigurer-0.0.1-SNAPSHOT.jar;"/>
    <property name="java.vm.vendor" value="Oracle Corporation"/>
    <property name="sun.arch.data.model" value="64"/>
    <property name="user.variant" value=""/>
    <property name="java.vendor.url" value="http://java.oracle.com/"/>
    <property name="user.timezone" value="Asia/Shanghai"/>
    <property name="java.vm.specification.version" value="1.8"/>
    <property name="os.name" value="Windows 10"/>
    <property name="user.country" value="CN"/>
    <property name="sun.java.launcher" value="SUN_STANDARD"/>
    <property name="sun.boot.library.path" value="D:\Program Files\eclipseNeon4.6\jdk1.8.0_60\jre\bin"/>
    <property name="sun.java.command" value="C:\Users\11511\AppData\Local\Temp\surefire5154524102569140780\surefirebooter3725632252927046758.jar C:\Users\11511\AppData\Local\Temp\surefire5154524102569140780 2019-07-01T16-44-20_291-jvmRun1 surefire4223644075995426180tmp surefire_01172719934021785522tmp"/>
    <property name="surefire.test.class.path" value="D:\workspaces\git_resources\CaseCode\spingboot-demo\target\test-classes;D:\workspaces\git_resources\CaseCode\spingboot-demo\target\classes;D:\.m2\repositoryMine\org\springframework\boot\spring-boot-starter-web\2.1.6.RELEASE\spring-boot-starter-web-2.1.6.RELEASE.jar;D:\.m2\repositoryMine\org\springframework\boot\spring-boot-starter\2.1.6.RELEASE\spring-boot-starter-2.1.6.RELEASE.jar;D:\.m2\repositoryMine\org\springframework\boot\spring-boot-starter-logging\2.1.6.RELEASE\spring-boot-starter-logging-2.1.6.RELEASE.jar;D:\.m2\repositoryMine\ch\qos\logback\logback-classic\1.2.3\logback-classic-1.2.3.jar;D:\.m2\repositoryMine\ch\qos\logback\logback-core\1.2.3\logback-core-1.2.3.jar;D:\.m2\repositoryMine\org\apache\logging\log4j\log4j-to-slf4j\2.11.2\log4j-to-slf4j-2.11.2.jar;D:\.m2\repositoryMine\org\apache\logging\log4j\log4j-api\2.11.2\log4j-api-2.11.2.jar;D:\.m2\repositoryMine\org\slf4j\jul-to-slf4j\1.7.26\jul-to-slf4j-1.7.26.jar;D:\.m2\repositoryMine\javax\annotation\javax.annotation-api\1.3.2\javax.annotation-api-1.3.2.jar;D:\.m2\repositoryMine\org\yaml\snakeyaml\1.23\snakeyaml-1.23.jar;D:\.m2\repositoryMine\org\springframework\boot\spring-boot-starter-json\2.1.6.RELEASE\spring-boot-starter-json-2.1.6.RELEASE.jar;D:\.m2\repositoryMine\com\fasterxml\jackson\core\jackson-databind\2.9.9\jackson-databind-2.9.9.jar;D:\.m2\repositoryMine\com\fasterxml\jackson\core\jackson-annotations\2.9.0\jackson-annotations-2.9.0.jar;D:\.m2\repositoryMine\com\fasterxml\jackson\core\jackson-core\2.9.9\jackson-core-2.9.9.jar;D:\.m2\repositoryMine\com\fasterxml\jackson\datatype\jackson-datatype-jdk8\2.9.9\jackson-datatype-jdk8-2.9.9.jar;D:\.m2\repositoryMine\com\fasterxml\jackson\datatype\jackson-datatype-jsr310\2.9.9\jackson-datatype-jsr310-2.9.9.jar;D:\.m2\repositoryMine\com\fasterxml\jackson\module\jackson-module-parameter-names\2.9.9\jackson-module-parameter-names-2.9.9.jar;D:\.m2\repositoryMine\org\springframework\boot\spring-boot-starter-tomcat\2.1.6.RELEASE\spring-boot-starter-tomcat-2.1.6.RELEASE.jar;D:\.m2\repositoryMine\org\apache\tomcat\embed\tomcat-embed-core\9.0.21\tomcat-embed-core-9.0.21.jar;D:\.m2\repositoryMine\org\apache\tomcat\embed\tomcat-embed-el\9.0.21\tomcat-embed-el-9.0.21.jar;D:\.m2\repositoryMine\org\apache\tomcat\embed\tomcat-embed-websocket\9.0.21\tomcat-embed-websocket-9.0.21.jar;D:\.m2\repositoryMine\org\hibernate\validator\hibernate-validator\6.0.17.Final\hibernate-validator-6.0.17.Final.jar;D:\.m2\repositoryMine\javax\validation\validation-api\2.0.1.Final\validation-api-2.0.1.Final.jar;D:\.m2\repositoryMine\org\jboss\logging\jboss-logging\3.3.2.Final\jboss-logging-3.3.2.Final.jar;D:\.m2\repositoryMine\com\fasterxml\classmate\1.4.0\classmate-1.4.0.jar;D:\.m2\repositoryMine\org\springframework\spring-web\5.1.8.RELEASE\spring-web-5.1.8.RELEASE.jar;D:\.m2\repositoryMine\org\springframework\spring-beans\5.1.8.RELEASE\spring-beans-5.1.8.RELEASE.jar;D:\.m2\repositoryMine\org\springframework\spring-webmvc\5.1.8.RELEASE\spring-webmvc-5.1.8.RELEASE.jar;D:\.m2\repositoryMine\org\springframework\spring-aop\5.1.8.RELEASE\spring-aop-5.1.8.RELEASE.jar;D:\.m2\repositoryMine\org\springframework\spring-context\5.1.8.RELEASE\spring-context-5.1.8.RELEASE.jar;D:\.m2\repositoryMine\org\springframework\spring-expression\5.1.8.RELEASE\spring-expression-5.1.8.RELEASE.jar;D:\.m2\repositoryMine\org\springframework\boot\spring-boot-starter-test\2.1.6.RELEASE\spring-boot-starter-test-2.1.6.RELEASE.jar;D:\.m2\repositoryMine\org\springframework\boot\spring-boot-test\2.1.6.RELEASE\spring-boot-test-2.1.6.RELEASE.jar;D:\.m2\repositoryMine\org\springframework\boot\spring-boot-test-autoconfigure\2.1.6.RELEASE\spring-boot-test-autoconfigure-2.1.6.RELEASE.jar;D:\.m2\repositoryMine\com\jayway\jsonpath\json-path\2.4.0\json-path-2.4.0.jar;D:\.m2\repositoryMine\net\minidev\json-smart\2.3\json-smart-2.3.jar;D:\.m2\repositoryMine\net\minidev\accessors-smart\1.2\accessors-smart-1.2.jar;D:\.m2\repositoryMine\org\ow2\asm\asm\5.0.4\asm-5.0.4.jar;D:\.m2\repositoryMine\org\slf4j\slf4j-api\1.7.26\slf4j-api-1.7.26.jar;D:\.m2\repositoryMine\junit\junit\4.12\junit-4.12.jar;D:\.m2\repositoryMine\org\assertj\assertj-core\3.11.1\assertj-core-3.11.1.jar;D:\.m2\repositoryMine\org\mockito\mockito-core\2.23.4\mockito-core-2.23.4.jar;D:\.m2\repositoryMine\net\bytebuddy\byte-buddy\1.9.13\byte-buddy-1.9.13.jar;D:\.m2\repositoryMine\net\bytebuddy\byte-buddy-agent\1.9.13\byte-buddy-agent-1.9.13.jar;D:\.m2\repositoryMine\org\objenesis\objenesis\2.6\objenesis-2.6.jar;D:\.m2\repositoryMine\org\hamcrest\hamcrest-core\1.3\hamcrest-core-1.3.jar;D:\.m2\repositoryMine\org\hamcrest\hamcrest-library\1.3\hamcrest-library-1.3.jar;D:\.m2\repositoryMine\org\skyscreamer\jsonassert\1.5.0\jsonassert-1.5.0.jar;D:\.m2\repositoryMine\com\vaadin\external\google\android-json\0.0.20131108.vaadin1\android-json-0.0.20131108.vaadin1.jar;D:\.m2\repositoryMine\org\springframework\spring-core\5.1.8.RELEASE\spring-core-5.1.8.RELEASE.jar;D:\.m2\repositoryMine\org\springframework\spring-jcl\5.1.8.RELEASE\spring-jcl-5.1.8.RELEASE.jar;D:\.m2\repositoryMine\org\springframework\spring-test\5.1.8.RELEASE\spring-test-5.1.8.RELEASE.jar;D:\.m2\repositoryMine\org\xmlunit\xmlunit-core\2.6.2\xmlunit-core-2.6.2.jar;D:\.m2\repositoryMine\org\springframework\boot\spring-boot-configuration-processor\2.1.6.RELEASE\spring-boot-configuration-processor-2.1.6.RELEASE.jar;D:\.m2\repositoryMine\org\webjars\jquery\3.3.1-1\jquery-3.3.1-1.jar;D:\.m2\repositoryMine\org\springframework\boot\spring-boot-starter-thymeleaf\2.1.6.RELEASE\spring-boot-starter-thymeleaf-2.1.6.RELEASE.jar;D:\.m2\repositoryMine\org\thymeleaf\thymeleaf-spring5\3.0.11.RELEASE\thymeleaf-spring5-3.0.11.RELEASE.jar;D:\.m2\repositoryMine\org\thymeleaf\thymeleaf\3.0.11.RELEASE\thymeleaf-3.0.11.RELEASE.jar;D:\.m2\repositoryMine\org\attoparser\attoparser\2.0.5.RELEASE\attoparser-2.0.5.RELEASE.jar;D:\.m2\repositoryMine\org\unbescape\unbescape\1.1.6.RELEASE\unbescape-1.1.6.RELEASE.jar;D:\.m2\repositoryMine\org\thymeleaf\extras\thymeleaf-extras-java8time\3.0.4.RELEASE\thymeleaf-extras-java8time-3.0.4.RELEASE.jar;D:\.m2\repositoryMine\org\springframework\boot\spring-boot-devtools\2.1.6.RELEASE\spring-boot-devtools-2.1.6.RELEASE.jar;D:\.m2\repositoryMine\org\springframework\boot\spring-boot\2.1.6.RELEASE\spring-boot-2.1.6.RELEASE.jar;D:\.m2\repositoryMine\org\springframework\boot\spring-boot-autoconfigure\2.1.6.RELEASE\spring-boot-autoconfigure-2.1.6.RELEASE.jar;D:\.m2\repositoryMine\com\xhjc\starter\xhjc-spring-boot-starter\1.0-SNAPSHOT\xhjc-spring-boot-starter-1.0-SNAPSHOT.jar;D:\.m2\repositoryMine\com\xhjc\starter\xhjc-spring-boot-starter-autoconfigurer\0.0.1-SNAPSHOT\xhjc-spring-boot-starter-autoconfigurer-0.0.1-SNAPSHOT.jar;"/>
    <property name="sun.cpu.endian" value="little"/>
    <property name="user.home" value="C:\Users\11511"/>
    <property name="user.language" value="zh"/>
    <property name="java.specification.vendor" value="Oracle Corporation"/>
    <property name="java.home" value="D:\Program Files\eclipseNeon4.6\jdk1.8.0_60\jre"/>
    <property name="basedir" value="D:\workspaces\git_resources\CaseCode\spingboot-demo"/>
    <property name="file.separator" value="\"/>
    <property name="line.separator" value="&#10;"/>
    <property name="java.vm.specification.vendor" value="Oracle Corporation"/>
    <property name="java.specification.name" value="Java Platform API Specification"/>
    <property name="java.awt.graphicsenv" value="sun.awt.Win32GraphicsEnvironment"/>
    <property name="surefire.real.class.path" value="C:\Users\11511\AppData\Local\Temp\surefire5154524102569140780\surefirebooter3725632252927046758.jar"/>
    <property name="sun.boot.class.path" value="D:\Program Files\eclipseNeon4.6\jdk1.8.0_60\jre\lib\resources.jar;D:\Program Files\eclipseNeon4.6\jdk1.8.0_60\jre\lib\rt.jar;D:\Program Files\eclipseNeon4.6\jdk1.8.0_60\jre\lib\sunrsasign.jar;D:\Program Files\eclipseNeon4.6\jdk1.8.0_60\jre\lib\jsse.jar;D:\Program Files\eclipseNeon4.6\jdk1.8.0_60\jre\lib\jce.jar;D:\Program Files\eclipseNeon4.6\jdk1.8.0_60\jre\lib\charsets.jar;D:\Program Files\eclipseNeon4.6\jdk1.8.0_60\jre\lib\jfr.jar;D:\Program Files\eclipseNeon4.6\jdk1.8.0_60\jre\classes"/>
    <property name="user.script" value=""/>
    <property name="sun.management.compiler" value="HotSpot 64-Bit Tiered Compilers"/>
    <property name="java.runtime.version" value="1.8.0_60-b27"/>
    <property name="user.name" value="11511"/>
    <property name="path.separator" value=";"/>
    <property name="os.version" value="10.0"/>
    <property name="java.endorsed.dirs" value="D:\Program Files\eclipseNeon4.6\jdk1.8.0_60\jre\lib\endorsed"/>
    <property name="java.runtime.name" value="Java(TM) SE Runtime Environment"/>
    <property name="file.encoding" value="GBK"/>
    <property name="java.vm.name" value="Java HotSpot(TM) 64-Bit Server VM"/>
    <property name="localRepository" value="D:\.m2\repositoryMine"/>
    <property name="java.vendor.url.bug" value="http://bugreport.sun.com/bugreport/"/>
    <property name="java.io.tmpdir" value="C:\Users\11511\AppData\Local\Temp\"/>
    <property name="idea.version" value="2017.2.2"/>
    <property name="java.version" value="1.8.0_60"/>
    <property name="user.dir" value="D:\workspaces\git_resources\CaseCode\spingboot-demo"/>
    <property name="os.arch" value="amd64"/>
    <property name="java.vm.specification.name" value="Java Virtual Machine Specification"/>
    <property name="java.awt.printerjob" value="sun.awt.windows.WPrinterJob"/>
    <property name="sun.os.patch.level" value=""/>
    <property name="java.library.path" value="D:\Program Files\eclipseNeon4.6\jdk1.8.0_60\jre\bin;C:\WINDOWS\Sun\Java\bin;C:\WINDOWS\system32;C:\WINDOWS;D:\app\11511\product\11.2.0\client_1\bin;C:\WINDOWS\system32;C:\WINDOWS;C:\WINDOWS\System32\Wbem;C:\WINDOWS\System32\WindowsPowerShell\v1.0\;D:\Program Files\eclipseNeon4.6\jdk1.8.0_60\bin;D:\Program Files\eclipseNeon4.6\apache-maven-3.2.5\bin;C:\Program Files\TortoiseSVN\bin;C:\Program Files\Microsoft SQL Server\120\DTS\Binn\;C:\Program Files\Microsoft SQL Server\Client SDK\ODBC\110\Tools\Binn\;C:\Program Files (x86)\Microsoft SQL Server\120\Tools\Binn\;C:\Program Files\Microsoft SQL Server\120\Tools\Binn\;C:\Program Files (x86)\Microsoft SQL Server\120\Tools\Binn\ManagementStudio\;C:\Program Files (x86)\Microsoft SQL Server\120\DTS\Binn\;C:\WINDOWS\System32\OpenSSH\;C:\Program Files\OpenVPN\bin;D:\workspaces\gradle\gradle-3.5\bin;D:\Program Files\MongoDB\Server\3.2\bin;D:\Program Files\Git\cmd;C:\Users\11511\AppData\Local\Microsoft\WindowsApps;;C:\Users\11511\AppData\Local\Programs\Fiddler;."/>
    <property name="java.vm.info" value="mixed mode"/>
    <property name="java.vendor" value="Oracle Corporation"/>
    <property name="java.vm.version" value="25.60-b23"/>
    <property name="java.ext.dirs" value="D:\Program Files\eclipseNeon4.6\jdk1.8.0_60\jre\lib\ext;C:\WINDOWS\Sun\Java\lib\ext"/>
    <property name="sun.io.unicode.encoding" value="UnicodeLittle"/>
    <property name="java.class.version" value="52.0"/>
  </properties>
  <testcase name="testHelloService" classname="com.xhjc.spingbootdemo.SpingbootDemoApplicationTests" time="0.444"/>
  <testcase name="loggerTest" classname="com.xhjc.spingbootdemo.SpingbootDemoApplicationTests" time="0.002"/>
  <testcase name="contextLoads" classname="com.xhjc.spingbootdemo.SpingbootDemoApplicationTests" time="0.002"/>
</testsuite>